\BOOKMARK [0][-]{chapter.1}{\376\377\000S\000t\000r\000e\000s\000z\000c\000z\000e\000n\000i\000e\000\040\000w\000\040\000j\001\031\000z\000y\000k\000u\000\040\000p\000o\000l\000s\000k\000i\000m\000\040\000i\000\040\000a\000n\000g\000i\000e\000l\000s\000k\000i\000m}{}% 1
\BOOKMARK [1][-]{section.1.1}{\376\377\000S\000t\000r\000e\000s\000z\000c\000z\000e\000n\000i\000e\000\040\000w\000\040\000j\001\031\000z\000y\000k\000u\000\040\000p\000o\000l\000s\000k\000i\000m\000.}{chapter.1}% 2
\BOOKMARK [1][-]{section.1.2}{\376\377\000S\000t\000r\000e\000s\000z\000c\000z\000e\000n\000i\000e\000\040\000w\000\040\000j\001\031\000z\000y\000k\000u\000\040\000a\000n\000g\000i\000e\000l\000s\000k\000i\000m\000.}{chapter.1}% 3
\BOOKMARK [0][-]{chapter.2}{\376\377\000O\000p\000i\000s\000\040\000z\000a\001\102\000o\001\174\000e\001\104\000\040\000p\000r\000o\000j\000e\000k\000t\000u}{}% 4
\BOOKMARK [1][-]{section.2.1}{\376\377\000Z\000a\001\102\000o\001\174\000e\000n\000i\000a\000\040\000p\000r\000o\000j\000e\000k\000t\000u}{chapter.2}% 5
\BOOKMARK [1][-]{section.2.2}{\376\377\000W\000y\000m\000a\000g\000a\000n\000i\000e\000\040\000f\000u\000n\000k\000c\000j\000o\000n\000a\000l\000n\000e}{chapter.2}% 6
\BOOKMARK [1][-]{section.2.3}{\376\377\000W\000y\000m\000a\000g\000a\000n\000i\000e\000\040\000n\000i\000e\000f\000u\000n\000k\000c\000j\000o\000n\000a\000l\000n\000e}{chapter.2}% 7
\BOOKMARK [0][-]{chapter.3}{\376\377\000O\000p\000i\000s\000\040\000s\000t\000r\000u\000k\000t\000u\000r\000y\000\040\000p\000r\000o\000j\000e\000k\000t\000u}{}% 8
\BOOKMARK [1][-]{section.3.1}{\376\377\000S\000t\000r\000u\000k\000t\000u\000r\000a\000\040\000k\000o\000d\000u\000\040\000p\000r\000o\000j\000e\000k\000t\000u}{chapter.3}% 9
\BOOKMARK [2][-]{subsection.3.1.1}{\376\377\000U\001\174\000y\000t\000k\000o\000w\000n\000i\000c\000y}{section.3.1}% 10
\BOOKMARK [2][-]{subsection.3.1.2}{\376\377\000P\000r\000o\000d\000u\000k\000t\000y}{section.3.1}% 11
\BOOKMARK [2][-]{subsection.3.1.3}{\376\377\000K\000o\000s\000z\000y\000k\000\040\000i\000\040\000Z\000a\000m\000\363\000w\000i\000e\000n\000i\000a}{section.3.1}% 12
\BOOKMARK [2][-]{subsection.3.1.4}{\376\377\000M\000a\000t\000e\000r\000i\000a\001\102\000y}{section.3.1}% 13
\BOOKMARK [1][-]{section.3.2}{\376\377\000B\000a\000z\000a\000\040\000d\000a\000n\000y\000c\000h}{chapter.3}% 14
\BOOKMARK [2][-]{subsection.3.2.1}{\376\377\000P\000o\001\102\001\005\000c\000z\000e\000n\000i\000e\000\040\000z\000\040\000b\000a\000z\001\005\000\040\000d\000a\000n\000y\000c\000h}{section.3.2}% 15
\BOOKMARK [2][-]{subsection.3.2.2}{\376\377\000S\000t\000r\000u\000k\000t\000u\000r\000a\000\040\000b\000a\000z\000y\000\040\000d\000a\000n\000y\000c\000h}{section.3.2}% 16
\BOOKMARK [1][-]{section.3.3}{\376\377\000G\000r\000a\000f\000i\000c\000z\000n\000y\000\040\000i\000n\000t\000e\000r\000f\000e\000j\000s\000\040\000u\001\174\000y\000t\000k\000o\000w\000n\000i\000k\000a}{chapter.3}% 17
\BOOKMARK [2][-]{subsection.3.3.1}{\376\377\000S\000t\000r\000u\000k\000t\000u\000r\000a\000\040\000G\000U\000I}{section.3.3}% 18
\BOOKMARK [2][-]{subsection.3.3.2}{\376\377\000K\000a\000t\000a\000l\000o\000g\000i}{section.3.3}% 19
\BOOKMARK [2][-]{subsection.3.3.3}{\376\377\000S\000o\000r\000t\000o\000w\000a\000n\000i\000e}{section.3.3}% 20
\BOOKMARK [0][-]{chapter.4}{\376\377\000H\000a\000r\000m\000o\000n\000o\000g\000r\000a\000m\000\040\000r\000e\000a\000l\000i\000z\000a\000c\000j\000i\000\040\000p\000r\000o\000j\000e\000k\000t\000u}{}% 21
\BOOKMARK [1][-]{section.4.1}{\376\377\000D\000i\000a\000g\000r\000a\000m\000\040\000G\000a\000n\000t\000a\000\040\000p\000r\000a\000c\000y}{chapter.4}% 22
\BOOKMARK [1][-]{section.4.2}{\376\377\000R\000e\000p\000o\000z\000y\000t\000o\000r\000i\000u\000m\000\040\000i\000\040\000s\000y\000s\000t\000e\000m\000\040\000k\000o\000n\000t\000r\000o\000l\000i\000\040\000w\000e\000r\000s\000j\000i}{chapter.4}% 23
\BOOKMARK [0][-]{chapter.5}{\376\377\000P\000r\000e\000z\000e\000n\000t\000a\000c\000j\000a\000\040\000w\000a\000r\000s\000t\000w\000y\000\040\000u\001\174\000y\000t\000k\000o\000w\000e\000j\000\040\000p\000r\000o\000j\000e\000k\000t\000u}{}% 24
\BOOKMARK [1][-]{section.5.1}{\376\377\000L\000o\000g\000o\000w\000a\000n\000i\000e}{chapter.5}% 25
\BOOKMARK [1][-]{section.5.2}{\376\377\000P\000a\000n\000e\000l\000\040\000k\000l\000i\000n\000e\000t\000a\000\040\000i\000\040\000g\000o\001\133\000c\000i\000a}{chapter.5}% 26
\BOOKMARK [1][-]{section.5.3}{\376\377\000P\000a\000n\000e\000l\000\040\000a\000d\000m\000i\000n\000i\000s\000t\000r\000a\000t\000o\000r\000a}{chapter.5}% 27
\BOOKMARK [0][-]{chapter.6}{\376\377\000P\000o\000d\000s\000u\000m\000o\000w\000a\000n\000i\000e}{}% 28
\BOOKMARK [1][-]{section*.10}{\376\377\000S\000p\000i\000s\000\040\000r\000y\000s\000u\000n\000k\000\363\000w}{chapter.6}% 29
\BOOKMARK [1][-]{section*.10}{\376\377\000S\000p\000i\000s\000\040\000t\000a\000b\000e\000l}{chapter.6}% 30
\BOOKMARK [1][-]{section*.10}{\376\377\000S\000p\000i\000s\000\040\000l\000i\000s\000t\000i\000n\000g\000\363\000w}{chapter.6}% 31
\BOOKMARK [0][-]{appendix.A}{\376\377\000O\001\133\000w\000i\000a\000d\000c\000z\000e\000n\000i\000e\000\040\000s\000t\000u\000d\000e\000n\000t\000a\000\040\000o\000\040\000s\000a\000m\000o\000d\000z\000i\000e\000l\000n\000o\001\133\000c\000i\000\040\000p\000r\000a\000c\000y}{}% 32
